mode: atomic
S3Downloader/downloader/downloader.go:24.35,26.2 1 2
S3Downloader/downloader/downloader.go:28.43,30.2 1 1
S3Downloader/downloader/downloader.go:60.38,61.48 1 12
S3Downloader/downloader/downloader.go:61.48,63.3 1 1
S3Downloader/downloader/downloader.go:64.2,64.76 1 11
S3Downloader/downloader/downloader.go:64.76,66.3 1 2
S3Downloader/downloader/downloader.go:66.8,66.44 1 9
S3Downloader/downloader/downloader.go:66.44,67.28 1 1
S3Downloader/downloader/downloader.go:67.28,68.28 1 5
S3Downloader/downloader/downloader.go:68.28,70.5 1 1
S3Downloader/downloader/downloader.go:72.8,72.80 1 8
S3Downloader/downloader/downloader.go:72.80,74.3 1 1
S3Downloader/downloader/downloader.go:74.8,74.43 1 7
S3Downloader/downloader/downloader.go:74.43,76.3 1 6
S3Downloader/downloader/downloader.go:78.2,78.12 1 1
S3Downloader/downloader/downloader.go:81.53,90.17 8 6
S3Downloader/downloader/downloader.go:90.17,92.3 1 6
S3Downloader/downloader/downloader.go:94.2,95.17 2 0
S3Downloader/downloader/downloader.go:95.17,97.3 1 0
S3Downloader/downloader/downloader.go:99.2,100.17 2 0
S3Downloader/downloader/downloader.go:100.17,102.3 1 0
S3Downloader/downloader/downloader.go:104.2,105.17 2 0
S3Downloader/downloader/downloader.go:105.17,107.3 1 0
S3Downloader/downloader/downloader.go:109.2,115.16 4 0
S3Downloader/downloader/downloader.go:115.16,117.3 1 0
S3Downloader/downloader/downloader.go:119.2,124.8 1 0
S3Downloader/downloader/downloader.go:127.71,132.2 1 1
S3Downloader/downloader/downloader.go:134.87,137.31 2 1
S3Downloader/downloader/downloader.go:137.31,139.18 2 1
S3Downloader/downloader/downloader.go:139.18,141.4 1 0
S3Downloader/downloader/downloader.go:142.3,143.14 2 1
S3Downloader/downloader/downloader.go:145.2,145.16 1 1
S3Downloader/downloader/downloader.go:145.16,147.3 1 0
S3Downloader/downloader/downloader.go:148.2,148.24 1 1
